100000,1,100,0.0033900000,0.0869700000,0.0903600000,0.0067600000,0.0881300000,0.0948900000,0.0000000000,0.0000000000,0.0862600000,0.0000000000,0.0000000000,0.0000000000 
100000,1,1000,0.0034400000,0.5673400000,0.5707800000,0.0072600000,0.6329800000,0.6402400000,0.0000000000,0.0000000000,0.6999000000,0.0000000000,0.0000000000,0.0000000000 
100000,2,100,0.0043100000,0.0888000000,0.0931100000,0.0074200000,0.0934500000,0.1008700000,0.0000000000,0.0000000000,0.0962100000,0.0000000000,0.0000000000,0.0000000000 
100000,2,1000,0.0045700000,0.6637600000,0.6683300000,0.0068900000,0.7151400000,0.7220300000,0.0000000000,0.0000000000,0.9473100000,0.0000000000,0.0000000000,0.0000000000 
100000,3,100,0.0092800000,0.1058900000,0.1151700000,0.0070700000,0.1003700000,0.1074400000,0.0000000000,0.0000000000,0.1022600000,0.0000000000,0.0000000000,0.0000000000 
100000,3,1000,0.0093200000,0.6954900000,0.7048100000,0.0071700000,0.7196700000,0.7268400000,0.0000000000,0.0000000000,0.9887800000,0.0000000000,0.0000000000,0.0000000000 
100000,4,100,0.0089100000,0.1040300000,0.1129400000,0.0067800000,0.0968500000,0.1036300000,0.0000000000,0.0000000000,0.1047200000,0.0000000000,0.0000000000,0.0000000000 
100000,4,1000,0.0088000000,0.6839700000,0.6927700000,0.0070300000,0.7001400000,0.7071700000,0.0000000000,0.0000000000,0.9827800000,0.0000000000,0.0000000000,0.0000000000 
100000,5,100,0.0129500000,0.1140600000,0.1270100000,0.0071700000,0.0949600000,0.1021300000,0.0000000000,0.0000000000,0.1042100000,0.0000000000,0.0000000000,0.0000000000 
100000,5,1000,0.0131000000,0.6816100000,0.6947100000,0.0073000000,0.6785700000,0.6858700000,0.0000000000,0.0000000000,0.9690100000,0.0000000000,0.0000000000,0.0000000000 
100000,6,100,0.0147100000,0.1128000000,0.1275100000,0.0069900000,0.0935900000,0.1005800000,0.0000000000,0.0000000000,0.1021200000,0.0000000000,0.0000000000,0.0000000000 
100000,6,1000,0.0146300000,0.6653300000,0.6799600000,0.0068300000,0.6644600000,0.6712900000,0.0000000000,0.0000000000,0.9575200000,0.0000000000,0.0000000000,0.0000000000 
100000,7,100,0.0124900000,0.1091400000,0.1216300000,0.0070500000,0.0922100000,0.0992600000,0.0000000000,0.0000000000,0.1019100000,0.0000000000,0.0000000000,0.0000000000 
100000,7,1000,0.0123800000,0.6554700000,0.6678500000,0.0071000000,0.6516500000,0.6587500000,0.0000000000,0.0000000000,0.9473400000,0.0000000000,0.0000000000,0.0000000000 
100000,8,100,0.0132100000,0.1083100000,0.1215200000,0.0070400000,0.0908200000,0.0978600000,0.0000000000,0.0000000000,0.1027800000,0.0000000000,0.0000000000,0.0000000000 
100000,8,1000,0.0130800000,0.6426900000,0.6557700000,0.0070300000,0.6429400000,0.6499700000,0.0000000000,0.0000000000,0.9363300000,0.0000000000,0.0000000000,0.0000000000 
100000,9,100,0.0166300000,0.1215900000,0.1382200000,0.0233300000,0.1421400000,0.1654700000,0.0000000000,0.0000000000,0.1008500000,0.0000000000,0.0000000000,0.0000000000 
100000,9,1000,0.0166800000,0.6463400000,0.6630200000,0.0232200000,0.6843500000,0.7075700000,0.0000000000,0.0000000000,0.9240100000,0.0000000000,0.0000000000,0.0000000000 
100000,10,100,0.0182000000,0.1194600000,0.1376600000,0.0231800000,0.1412500000,0.1644300000,0.0000000000,0.0000000000,0.0994000000,0.0000000000,0.0000000000,0.0000000000 
100000,10,1000,0.0182200000,0.6368700000,0.6550900000,0.0232200000,0.6771200000,0.7003400000,0.0000000000,0.0000000000,0.9140400000,0.0000000000,0.0000000000,0.0000000000 
100000,20,100,0.0232900000,0.1307600000,0.1540500000,0.0228900000,0.1373600000,0.1602500000,0.0000000000,0.0000000000,0.0977200000,0.0000000000,0.0000000000,0.0000000000 
100000,20,1000,0.0239100000,0.6111300000,0.6350400000,0.0230100000,0.6458000000,0.6688100000,0.0000000000,0.0000000000,0.8848200000,0.0000000000,0.0000000000,0.0000000000 
100000,30,100,0.0219700000,0.1283100000,0.1502800000,0.0223400000,0.1372900000,0.1596300000,0.0000000000,0.0000000000,0.0961100000,0.0000000000,0.0000000000,0.0000000000 
100000,30,1000,0.0220100000,0.5932600000,0.6152700000,0.0223500000,0.6312700000,0.6536200000,0.0000000000,0.0000000000,0.8667700000,0.0000000000,0.0000000000,0.0000000000 
100000,40,100,0.0289600000,0.1413200000,0.1702800000,0.0224700000,0.1354500000,0.1579200000,0.0000000000,0.0000000000,0.0955400000,0.0000000000,0.0000000000,0.0000000000 
100000,40,1000,0.0288400000,0.6024100000,0.6312500000,0.0222800000,0.6226000000,0.6448800000,0.0000000000,0.0000000000,0.8631000000,0.0000000000,0.0000000000,0.0000000000 
100000,50,100,0.0245900000,0.1379300000,0.1625200000,0.0222600000,0.1357200000,0.1579800000,0.0000000000,0.0000000000,0.0944400000,0.0000000000,0.0000000000,0.0000000000 
100000,50,1000,0.0246900000,0.5952000000,0.6198900000,0.0221400000,0.6222400000,0.6443800000,0.0000000000,0.0000000000,0.8552900000,0.0000000000,0.0000000000,0.0000000000 
100000,60,100,0.0267100000,0.1380800000,0.1647900000,0.0220100000,0.1348500000,0.1568600000,0.0000000000,0.0000000000,0.0953700000,0.0000000000,0.0000000000,0.0000000000 
100000,60,1000,0.0264100000,0.5855800000,0.6119900000,0.0220800000,0.6058300000,0.6279100000,0.0000000000,0.0000000000,0.8430000000,0.0000000000,0.0000000000,0.0000000000 
100000,70,100,0.0310100000,0.1441800000,0.1751900000,0.0516300000,0.3193900000,0.3710200000,0.0000000000,0.0000000000,0.0910200000,0.0000000000,0.0000000000,0.0000000000 
100000,70,1000,0.0311900000,0.5867700000,0.6179600000,0.0519600000,0.7901400000,0.8421000000,0.0000000000,0.0000000000,0.8222000000,0.0000000000,0.0000000000,0.0000000000 
100000,80,100,0.0334400000,0.1461600000,0.1796000000,0.0516600000,0.3216900000,0.3733500000,0.0000000000,0.0000000000,0.0894300000,0.0000000000,0.0000000000,0.0000000000 
100000,80,1000,0.0330300000,0.5810400000,0.6140700000,0.0515300000,0.7865000000,0.8380300000,0.0000000000,0.0000000000,0.8172900000,0.0000000000,0.0000000000,0.0000000000 
100000,90,100,0.0351600000,0.1480400000,0.1832000000,0.0520100000,0.3215400000,0.3735500000,0.0000000000,0.0000000000,0.0903000000,0.0000000000,0.0000000000,0.0000000000 
100000,90,1000,0.0350900000,0.5821500000,0.6172400000,0.0520400000,0.7874100000,0.8394500000,0.0000000000,0.0000000000,0.8194700000,0.0000000000,0.0000000000,0.0000000000 
100000,100,100,0.0289000000,0.1443100000,0.1732100000,0.0519900000,0.3250500000,0.3770400000,0.0000000000,0.0000000000,0.0913300000,0.0000000000,0.0000000000,0.0000000000 
100000,100,1000,0.0290200000,0.5787100000,0.6077300000,0.0511700000,0.7890600000,0.8402300000,0.0000000000,0.0000000000,0.8182000000,0.0000000000,0.0000000000,0.0000000000 
100000,200,100,0.0338800000,0.1543100000,0.1881900000,0.0517800000,0.3203300000,0.3721100000,0.0000000000,0.0000000000,0.0882800000,0.0000000000,0.0000000000,0.0000000000 
100000,200,1000,0.0340800000,0.5905600000,0.6246400000,0.0515000000,0.7797600000,0.8312600000,0.0000000000,0.0000000000,0.8108600000,0.0000000000,0.0000000000,0.0000000000 
100000,300,100,0.0457100000,0.1659800000,0.2116900000,0.0519000000,0.3186800000,0.3705800000,0.0000000000,0.0000000000,0.0891700000,0.0000000000,0.0000000000,0.0000000000 
100000,300,1000,0.0459600000,0.6041400000,0.6501000000,0.0516400000,0.7736300000,0.8252700000,0.0000000000,0.0000000000,0.8080000000,0.0000000000,0.0000000000,0.0000000000 
100000,400,100,0.0418600000,0.1612500000,0.2031100000,0.0516300000,0.3186300000,0.3702600000,0.0000000000,0.0000000000,0.0900300000,0.0000000000,0.0000000000,0.0000000000 
100000,400,1000,0.0415900000,0.6030100000,0.6446000000,0.0516700000,0.7760600000,0.8277300000,0.0000000000,0.0000000000,0.8072900000,0.0000000000,0.0000000000,0.0000000000 
100000,500,100,0.0449000000,0.1612300000,0.2061300000,0.0501500000,0.3223400000,0.3724900000,0.0000000000,0.0000000000,0.0905300000,0.0000000000,0.0000000000,0.0000000000 
100000,500,1000,0.0441600000,0.6056200000,0.6497800000,0.0506000000,0.7763000000,0.8269000000,0.0000000000,0.0000000000,0.8064900000,0.0000000000,0.0000000000,0.0000000000 
100000,600,100,0.0562000000,0.1738000000,0.2300000000,0.0527400000,0.3236600000,0.3764000000,0.0000000000,0.0000000000,0.0908500000,0.0000000000,0.0000000000,0.0000000000 
100000,600,1000,0.0564300000,0.6201900000,0.6766200000,0.0526300000,0.7741300000,0.8267600000,0.0000000000,0.0000000000,0.8052300000,0.0000000000,0.0000000000,0.0000000000 
100000,700,100,0.0606000000,0.1684400000,0.2290400000,0.0532200000,0.3166900000,0.3699100000,0.0000000000,0.0000000000,0.0873300000,0.0000000000,0.0000000000,0.0000000000 
100000,700,1000,0.0605500000,0.6227400000,0.6832900000,0.0529900000,0.7730200000,0.8260100000,0.0000000000,0.0000000000,0.8065600000,0.0000000000,0.0000000000,0.0000000000 
100000,800,100,0.0521900000,0.1671500000,0.2193400000,0.0523300000,0.3200500000,0.3723800000,0.0000000000,0.0000000000,0.0881300000,0.0000000000,0.0000000000,0.0000000000 
100000,800,1000,0.0521300000,0.6199900000,0.6721200000,0.0522600000,0.7727700000,0.8250300000,0.0000000000,0.0000000000,0.8071200000,0.0000000000,0.0000000000,0.0000000000 
100000,900,100,0.0525100000,0.1683200000,0.2208300000,0.0519400000,0.3202300000,0.3721700000,0.0000000000,0.0000000000,0.0890100000,0.0000000000,0.0000000000,0.0000000000 
100000,900,1000,0.0525100000,0.6175800000,0.6700900000,0.0521400000,0.7718100000,0.8239500000,0.0000000000,0.0000000000,0.8038400000,0.0000000000,0.0000000000,0.0000000000 
100000,1000,100,0.0551300000,0.1696600000,0.2247900000,0.0522000000,0.3208200000,0.3730200000,0.0000000000,0.0000000000,0.0895700000,0.0000000000,0.0000000000,0.0000000000 
100000,1000,1000,0.0546900000,0.6247400000,0.6794300000,0.0523300000,0.7759200000,0.8282500000,0.0000000000,0.0000000000,0.8046400000,0.0000000000,0.0000000000,0.0000000000 
100000,2000,100,0.0723100000,0.1744600000,0.2467700000,0.0524500000,0.3208500000,0.3733000000,0.0000000000,0.0000000000,0.0894500000,0.0000000000,0.0000000000,0.0000000000 
100000,2000,1000,0.0724900000,0.6449100000,0.7174000000,0.0529200000,0.7801100000,0.8330300000,0.0000000000,0.0000000000,0.8057900000,0.0000000000,0.0000000000,0.0000000000 
100000,3000,100,0.1084100000,0.1850600000,0.2934700000,0.0542800000,0.3214200000,0.3757000000,0.0000000000,0.0000000000,0.0885100000,0.0000000000,0.0000000000,0.0000000000 
100000,3000,1000,0.1088300000,0.6621700000,0.7710000000,0.0546600000,0.7765300000,0.8311900000,0.0000000000,0.0000000000,0.8070200000,0.0000000000,0.0000000000,0.0000000000 
100000,4000,100,0.1037600000,0.1841400000,0.2879000000,0.0491300000,0.3213900000,0.3705200000,0.0000000000,0.0000000000,0.0903500000,0.0000000000,0.0000000000,0.0000000000 
100000,4000,1000,0.1057000000,0.6879400000,0.7936400000,0.0501100000,0.7930100000,0.8431200000,0.0000000000,0.0000000000,0.8275000000,0.0000000000,0.0000000000,0.0000000000 
100000,5000,100,0.1568100000,0.1953600000,0.3521700000,0.1492900000,0.5351900000,0.6844800000,0.0000000000,0.0000000000,0.0910000000,0.0000000000,0.0000000000,0.0000000000 
100000,5000,1000,0.1568800000,0.6867200000,0.8436000000,0.1486900000,1.0084000000,1.1570900000,0.0000000000,0.0000000000,0.8145700000,0.0000000000,0.0000000000,0.0000000000 
100000,6000,100,0.1647600000,0.1952700000,0.3600300000,0.1592500000,0.5465900000,0.7058400000,0.0000000000,0.0000000000,0.0923400000,0.0000000000,0.0000000000,0.0000000000 
100000,6000,1000,0.1646000000,0.6883400000,0.8529400000,0.1562800000,1.0190400000,1.1753200000,0.0000000000,0.0000000000,0.8166600000,0.0000000000,0.0000000000,0.0000000000 
100000,7000,100,0.1587300000,0.1930700000,0.3518000000,0.1632300000,0.5422500000,0.7054800000,0.0000000000,0.0000000000,0.0923600000,0.0000000000,0.0000000000,0.0000000000 
100000,7000,1000,0.1591000000,0.7056000000,0.8647000000,0.1637900000,1.0346000000,1.1983900000,0.0000000000,0.0000000000,0.8336900000,0.0000000000,0.0000000000,0.0000000000 
100000,8000,100,0.1634000000,0.1917100000,0.3551100000,0.1702200000,0.5350500000,0.7052700000,0.0000000000,0.0000000000,0.0925100000,0.0000000000,0.0000000000,0.0000000000 
100000,8000,1000,0.1631300000,0.7023100000,0.8654400000,0.1706800000,1.0276900000,1.1983700000,0.0000000000,0.0000000000,0.8353800000,0.0000000000,0.0000000000,0.0000000000 
100000,9000,100,0.2563400000,0.2009400000,0.4572800000,0.1473400000,0.5283900000,0.6757300000,0.0000000000,0.0000000000,0.0928400000,0.0000000000,0.0000000000,0.0000000000 
100000,9000,1000,0.2563400000,0.7157300000,0.9720700000,0.1472300000,1.0213800000,1.1686100000,0.0000000000,0.0000000000,0.8340900000,0.0000000000,0.0000000000,0.0000000000 
100000,10000,100,0.2620300000,0.2037600000,0.4657900000,0.1517500000,0.5351300000,0.6868800000,0.0000000000,0.0000000000,0.0919400000,0.0000000000,0.0000000000,0.0000000000 
100000,10000,1000,0.2627200000,0.7182700000,0.9809900000,0.1521200000,1.0236900000,1.1758100000,0.0000000000,0.0000000000,0.8346200000,0.0000000000,0.0000000000,0.0000000000 
the time to complete the all processing: 217016.2200000000
