1000,100,2,0.0003825120,0.0002204720,0.0006029840,0.0009669930,0.0015102440,0.0024772370,0.0001773290,0.0000313530,0.0000422450,0.0000407270,0.0000387100,0.0000386110 
1000,100,3,0.0003832190,0.0003067970,0.0006900160,0.0009676000,0.0015510530,0.0025186530,0.0002461330,0.0000523630,0.0000734900,0.0000727730,0.0000619460,0.0000660560 
1000,100,4,0.0003833480,0.0004052030,0.0007885510,0.0009679790,0.0016280690,0.0025960480,0.0003392910,0.0001036230,0.0001389000,0.0001397460,0.0001129800,0.0001164740 
1000,100,5,0.0003840280,0.0005396110,0.0009236390,0.0009662700,0.0017452720,0.0027115420,0.0005207140,0.0002041260,0.0002626780,0.0002588610,0.0002145890,0.0002241010 
1000,100,6,0.0003847990,0.0007102990,0.0010950980,0.0009678210,0.0019053010,0.0028731220,0.0007480830,0.0003238060,0.0004167710,0.0004086370,0.0003389860,0.0003464960 
1000,100,7,0.0003848170,0.0007998790,0.0011846960,0.0009686450,0.0019832040,0.0029518490,0.0008915020,0.0003885350,0.0004866990,0.0004782660,0.0003861250,0.0003957110 
1000,100,8,0.0003851970,0.0008258500,0.0012110470,0.0009697020,0.0019952510,0.0029649530,0.0009681760,0.0003890460,0.0005182540,0.0004901170,0.0003849720,0.0004006150 
1000,100,9,0.0003846820,0.0008420880,0.0012267700,0.0009683180,0.0020004390,0.0029687570,0.0010290500,0.0003892240,0.0005250570,0.0004976380,0.0003814350,0.0004032130 
1000,100,10,0.0003850220,0.0008590190,0.0012440410,0.0009679780,0.0020140890,0.0029820670,0.0010896970,0.0003878960,0.0005359910,0.0005076810,0.0003808890,0.0004072590 
1000,100,20,0.0003841710,0.0009934580,0.0013776290,0.0009706160,0.0020915570,0.0030621730,0.0018615610,0.0004210110,0.0006447930,0.0006086730,0.0004315260,0.0004794230 
1000,100,30,0.0003845010,0.0010713690,0.0014558700,0.0009736580,0.0021231810,0.0030968390,0.0026329860,0.0004629130,0.0007137030,0.0006816150,0.0004603200,0.0005391460 
1000,100,40,0.0003860870,0.0011465140,0.0015326010,0.0009774800,0.0021700060,0.0031474860,0.0033529400,0.0005657560,0.0007749950,0.0007532150,0.0004993600,0.0005960350 
1000,100,50,0.0003869310,0.0012046370,0.0015915680,0.0009777950,0.0022105020,0.0031882970,0.0040646830,0.0005925980,0.0008456440,0.0008204520,0.0005383730,0.0006527370 
1000,100,60,0.0003840540,0.0012275390,0.0016115930,0.0009757980,0.0022058340,0.0031816320,0.0047561220,0.0006358470,0.0008938900,0.0008585580,0.0005507240,0.0006790970 
1000,100,70,0.0003865800,0.0013077930,0.0016943730,0.0009820050,0.0022557790,0.0032377840,0.0054117680,0.0006912130,0.0009482520,0.0009324960,0.0005955030,0.0007384090 
1000,100,80,0.0003844660,0.0013419980,0.0017264640,0.0009775220,0.0022606820,0.0032382040,0.0060370940,0.0007334860,0.0010000800,0.0009739560,0.0006120990,0.0007639510 
1000,100,90,0.0003844940,0.0013778370,0.0017623310,0.0009774600,0.0022870190,0.0032644790,0.0065926970,0.0007566180,0.0010561560,0.0010314750,0.0006444270,0.0008075560 
1000,100,100,0.0003837370,0.0013930640,0.0017768010,0.0009761990,0.0023062970,0.0032824960,0.0070996900,0.0008000760,0.0011026570,0.0010778350,0.0006676820,0.0008380190 
1000,100,200,0.0003837020,0.0016950830,0.0020787850,0.0009700860,0.0025587920,0.0035288780,0.0114374360,0.0011499410,0.0014725030,0.0016079810,0.0009740340,0.0012272800 
1000,100,300,0.0003837840,0.0019095560,0.0022933400,0.0009680560,0.0026942020,0.0036622580,0.0140748520,0.0013786970,0.0017998410,0.0019761450,0.0011996190,0.0015003850 
1000,100,400,0.0003836540,0.0020318870,0.0024155410,0.0009690650,0.0027396530,0.0037087180,0.0156259250,0.0015529650,0.0020332570,0.0022196800,0.0013734120,0.0017174510 
1000,100,500,0.0003850510,0.0020584760,0.0024435270,0.0009706660,0.0026895340,0.0036602000,0.0164681910,0.0015888080,0.0021376390,0.0023377970,0.0014842720,0.0018354150 
1000,100,600,0.0003831660,0.0020271050,0.0024102710,0.0009670690,0.0025809880,0.0035480570,0.0155847870,0.0015162910,0.0021185170,0.0023615700,0.0015777210,0.0019377750 
1000,100,700,0.0003840150,0.0018689850,0.0022530000,0.0009696140,0.0023484680,0.0033180820,0.0136613690,0.0013480310,0.0020018730,0.0022344630,0.0015803640,0.0019312400 
1000,100,800,0.0003842160,0.0015176420,0.0019018580,0.0009708200,0.0019268890,0.0028977090,0.0105340290,0.0010694010,0.0017553480,0.0018898580,0.0014300830,0.0017309950 
1000,100,900,0.0003837050,0.0010454980,0.0014292030,0.0009697210,0.0013866270,0.0023563480,0.0060783070,0.0006252410,0.0013249150,0.0014006780,0.0011915960,0.0014237480 
1000,100,1000,0.0003843090,0.0004787160,0.0008630250,0.0009669360,0.0007625810,0.0017295170,0.0000832610,0.0000830010,0.0007748590,0.0008002020,0.0009241680,0.0010281210 
1000,1000,2,0.0007825520,0.0002558990,0.0010384510,0.0012113970,0.0015115420,0.0027229390,0.0001768120,0.0000303760,0.0000400660,0.0000386710,0.0000367390,0.0000377260 
1000,1000,3,0.0007865050,0.0003397610,0.0011262660,0.0012180880,0.0015550140,0.0027731020,0.0002420790,0.0000469200,0.0000657670,0.0000648260,0.0000563680,0.0000602800 
1000,1000,4,0.0007823790,0.0004263000,0.0012086790,0.0012124880,0.0016099580,0.0028224460,0.0003213930,0.0000851340,0.0001173520,0.0001185690,0.0000957420,0.0000986990 
1000,1000,5,0.0007835130,0.0005552350,0.0013387480,0.0012117070,0.0017209160,0.0029326230,0.0004920640,0.0001814340,0.0002360060,0.0002345130,0.0001926100,0.0002007930 
1000,1000,6,0.0007823730,0.0007330720,0.0015154450,0.0012116010,0.0018852900,0.0030968910,0.0007338460,0.0003053170,0.0003986730,0.0003892200,0.0003236770,0.0003319850 
1000,1000,7,0.0007826960,0.0008381760,0.0016208720,0.0012116280,0.0019748340,0.0031864620,0.0008941140,0.0003837760,0.0005032710,0.0004685570,0.0003805150,0.0003920900 
1000,1000,8,0.0007852690,0.0008763120,0.0016615810,0.0012168650,0.0020056640,0.0032225290,0.0009777970,0.0003903360,0.0005365380,0.0004919390,0.0003862170,0.0004047390 
1000,1000,9,0.0007818260,0.0008929780,0.0016748040,0.0012111010,0.0020053650,0.0032164660,0.0010389910,0.0003901590,0.0005439640,0.0004984450,0.0003806130,0.0004060590 
1000,1000,10,0.0007823340,0.0009054960,0.0016878300,0.0012118910,0.0020144620,0.0032263530,0.0010944780,0.0003886980,0.0005559960,0.0005036490,0.0003764390,0.0004073090 
1000,1000,20,0.0007824640,0.0010438200,0.0018262840,0.0012119550,0.0020774540,0.0032894090,0.0018937840,0.0004199670,0.0006445710,0.0005937460,0.0004064720,0.0004634350 
1000,1000,30,0.0007840310,0.0011381380,0.0019221690,0.0012141580,0.0021350350,0.0033491930,0.0027525610,0.0004612740,0.0007300080,0.0006878540,0.0004614260,0.0005428000 
1000,1000,40,0.0007824110,0.0011985370,0.0019809480,0.0012116370,0.0021552470,0.0033668840,0.0035698990,0.0005336110,0.0008013180,0.0007367340,0.0004787360,0.0005762810 
1000,1000,50,0.0007819990,0.0012726050,0.0020546040,0.0012125810,0.0022110010,0.0034235820,0.0043930030,0.0005714760,0.0008547360,0.0008211770,0.0005375590,0.0006499980 
1000,1000,60,0.0007823560,0.0013367030,0.0021190590,0.0012118490,0.0022113340,0.0034231830,0.0052778340,0.0006464030,0.0008930770,0.0008569570,0.0005394930,0.0006680090 
1000,1000,70,0.0007822760,0.0013938070,0.0021760830,0.0012116360,0.0022449320,0.0034565680,0.0060503450,0.0006832820,0.0009448500,0.0009247970,0.0005803870,0.0007247610 
1000,1000,80,0.0007824250,0.0013930270,0.0021754520,0.0012119420,0.0022556670,0.0034676090,0.0069649880,0.0007006160,0.0010139170,0.0009630770,0.0005920260,0.0007464340 
1000,1000,90,0.0007826760,0.0014514190,0.0022340950,0.0012118050,0.0023079730,0.0035197780,0.0077423780,0.0007365020,0.0010641740,0.0010414620,0.0006455780,0.0008107100 
1000,1000,100,0.0007823580,0.0015298990,0.0023122570,0.0012125570,0.0023244840,0.0035370410,0.0084837760,0.0008052420,0.0010998940,0.0010943830,0.0006748570,0.0008470740 
1000,1000,200,0.0007841410,0.0018451590,0.0026293000,0.0012142940,0.0025517080,0.0037660020,0.0161978220,0.0011335710,0.0014691660,0.0016053590,0.0009614410,0.0012257860 
1000,1000,300,0.0007837630,0.0020735750,0.0028573380,0.0012140430,0.0026807630,0.0038948060,0.0224232000,0.0013405360,0.0017611710,0.0019799660,0.0011911440,0.0015093090 
1000,1000,400,0.0007834750,0.0021966210,0.0029800960,0.0012141750,0.0027170290,0.0039312040,0.0264440760,0.0015101900,0.0019777780,0.0022181080,0.0013591930,0.0017104190 
1000,1000,500,0.0007837530,0.0022329230,0.0030166760,0.0012141760,0.0026722590,0.0038864350,0.0283100260,0.0015226930,0.0020524800,0.0023451530,0.0014811630,0.0018365450 
1000,1000,600,0.0007825620,0.0022320340,0.0030145960,0.0012120430,0.0025953020,0.0038073450,0.0273938420,0.0015209440,0.0020601330,0.0023987780,0.0016031310,0.0019521700 
1000,1000,700,0.0007825800,0.0020441190,0.0028266990,0.0012119050,0.0023356480,0.0035475530,0.0240806580,0.0013404830,0.0019382190,0.0022416730,0.0015776860,0.0019036070 
1000,1000,800,0.0007825440,0.0016878340,0.0024703780,0.0012117820,0.0019129250,0.0031247070,0.0185273620,0.0010524880,0.0016792750,0.0018908760,0.0014234290,0.0016963740 
1000,1000,900,0.0007830510,0.0012173520,0.0020004030,0.0012118190,0.0013797820,0.0025916010,0.0106278600,0.0006408720,0.0012904830,0.0014002610,0.0011862820,0.0013861010 
1000,1000,1000,0.0007826660,0.0006540370,0.0014367030,0.0012121370,0.0007687600,0.0019808970,0.0001352110,0.0001344470,0.0007747610,0.0008039580,0.0009277170,0.0009964790 
10000,100,2,0.0023763050,0.0022667120,0.0046430170,0.0038219150,0.0161617080,0.0199836230,0.0017112250,0.0002961960,0.0004090560,0.0003975790,0.0003775510,0.0003750670 
10000,100,3,0.0023757000,0.0031318720,0.0055075720,0.0038228810,0.0165535650,0.0203764460,0.0023952950,0.0004689910,0.0006897120,0.0006806740,0.0005759500,0.0006143880 
10000,100,4,0.0023744130,0.0040642360,0.0064386490,0.0038220040,0.0172822560,0.0211042600,0.0031572630,0.0008005190,0.0011941070,0.0011927940,0.0009260640,0.0009488810 
10000,100,5,0.0023764040,0.0054301590,0.0078065630,0.0038255180,0.0185018420,0.0223273600,0.0048371190,0.0017934420,0.0024067410,0.0024020530,0.0018874400,0.0019544950 
10000,100,6,0.0023762420,0.0072098040,0.0095860460,0.0038231480,0.0201621450,0.0239852930,0.0068411000,0.0029458570,0.0039105490,0.0040086550,0.0032765160,0.0033437420 
10000,100,7,0.0023752170,0.0092836260,0.0116588430,0.0038204660,0.0222121090,0.0260325750,0.0092267170,0.0045716070,0.0059654000,0.0058794740,0.0048960110,0.0049126300 
10000,100,8,0.0023773820,0.0104482520,0.0128256340,0.0038258310,0.0234040370,0.0272298680,0.0108020800,0.0053154960,0.0073192940,0.0068857440,0.0056164710,0.0056321540 
10000,100,9,0.0023760830,0.0107869040,0.0131629870,0.0038237140,0.0236107100,0.0274344240,0.0115014750,0.0053804630,0.0075711840,0.0071154780,0.0056097440,0.0056421990 
10000,100,10,0.0023742340,0.0109532280,0.0133274620,0.0038225670,0.0237459750,0.0275685420,0.0120976820,0.0053557160,0.0075343630,0.0072079440,0.0055478290,0.0056253320 
10000,100,20,0.0023747370,0.0124789440,0.0148536810,0.0038219530,0.0246472750,0.0284692280,0.0199914280,0.0055950630,0.0085585440,0.0083093540,0.0058387070,0.0062283340 
10000,100,30,0.0023757090,0.0133462680,0.0157219770,0.0038236720,0.0252771610,0.0291008330,0.0280555640,0.0060477390,0.0094960180,0.0092156860,0.0063141690,0.0069329750 
10000,100,40,0.0023761360,0.0141414910,0.0165176270,0.0038233660,0.0257849740,0.0296083400,0.0357730990,0.0070582510,0.0102582050,0.0099586760,0.0066847890,0.0075643880 
10000,100,50,0.0023782670,0.0149763140,0.0173545810,0.0038267870,0.0264322040,0.0302589910,0.0434428580,0.0076632180,0.0110488140,0.0108389860,0.0071495310,0.0082810610 
10000,100,60,0.0023793250,0.0155810950,0.0179604200,0.0038304740,0.0269832650,0.0308137390,0.0515476280,0.0081079590,0.0117010960,0.0116116650,0.0075349360,0.0088758360 
10000,100,70,0.0023810570,0.0161117470,0.0184928040,0.0038352970,0.0274656340,0.0313009310,0.0586699950,0.0085533260,0.0123573640,0.0122653130,0.0078272360,0.0093592590 
10000,100,80,0.0023825640,0.0168640180,0.0192465820,0.0038348130,0.0279194160,0.0317542290,0.0662382770,0.0092965500,0.0132141500,0.0129209020,0.0081120500,0.0098063560 
10000,100,90,0.0023857020,0.0171235090,0.0195092110,0.0038380320,0.0283962950,0.0322343270,0.0730603910,0.0096110680,0.0137794850,0.0135522020,0.0084228650,0.0102595390 
10000,100,100,0.0023878400,0.0180422250,0.0204300650,0.0038408370,0.0290081210,0.0328489580,0.0794807310,0.0102870760,0.0145384190,0.0143827670,0.0088892140,0.0108573220 
10000,100,200,0.0023898630,0.0232360270,0.0256258900,0.0038493700,0.0342740970,0.0381234670,0.1412877530,0.0152495920,0.0205288570,0.0221612220,0.0134823170,0.0165399110 
10000,100,300,0.0023903320,0.0286457460,0.0310360780,0.0038520270,0.0395231070,0.0433751340,0.1964137450,0.0200899520,0.0271208060,0.0297794600,0.0180993810,0.0222625290 
10000,100,400,0.0023894910,0.0339241530,0.0363136440,0.0038494020,0.0446248860,0.0484742880,0.2509859350,0.0265026940,0.0349464240,0.0372494950,0.0226697870,0.0277840380 
10000,100,500,0.0023914240,0.0402343940,0.0426258180,0.0038529840,0.0507497840,0.0546027680,0.3124090140,0.0321333300,0.0433003090,0.0456723740,0.0279846270,0.0344234890 
10000,100,600,0.0024323000,0.0447521830,0.0471844830,0.0039170450,0.0553531000,0.0592701450,0.3726800940,0.0380298450,0.0497891760,0.0524128500,0.0320576190,0.0393629620 
10000,100,700,0.0025107860,0.0509638470,0.0534746330,0.0040438060,0.0617532590,0.0657970650,0.4429399630,0.0448751510,0.0587212320,0.0610044190,0.0372846750,0.0464812040 
10000,100,800,0.0025109690,0.0563668310,0.0588778000,0.0040470840,0.0670409860,0.0710880700,0.5039894990,0.0503557370,0.0660757730,0.0685141950,0.0421271110,0.0521239530 
10000,100,900,0.0025106900,0.0609856800,0.0634963700,0.0040470340,0.0715209580,0.0755679920,0.5693015990,0.0554241340,0.0729005000,0.0751715240,0.0463295390,0.0570743030 
10000,100,1000,0.0025116710,0.0655050000,0.0680166710,0.0040479420,0.0758963500,0.0799442920,0.6247697400,0.0616001780,0.0800064080,0.0816466250,0.0504743450,0.0627522210 
10000,1000,2,0.0051378460,0.0025655140,0.0077033600,0.0044481630,0.0171442840,0.0215924470,0.0017996330,0.0003087230,0.0004256140,0.0004131680,0.0003929430,0.0003922300 
10000,1000,3,0.0051379520,0.0034435090,0.0085814610,0.0044479920,0.0175142540,0.0219622460,0.0025114320,0.0004777700,0.0007025230,0.0006920670,0.0005898690,0.0006312290 
10000,1000,4,0.0051372700,0.0043550940,0.0094923640,0.0044489940,0.0181758060,0.0226248000,0.0032617720,0.0007599870,0.0011461800,0.0011438120,0.0008987720,0.0009257730 
10000,1000,5,0.0051379740,0.0056022350,0.0107402090,0.0044495480,0.0192111410,0.0236606890,0.0047425430,0.0016265890,0.0022085930,0.0021946950,0.0017190440,0.0017430040 
10000,1000,6,0.0051373680,0.0073623410,0.0124997090,0.0044491260,0.0207721910,0.0252213170,0.0068193300,0.0026571590,0.0036363730,0.0037103750,0.0030034470,0.0030440630 
10000,1000,7,0.0051405590,0.0097894370,0.0149299960,0.0044493020,0.0231116170,0.0275609190,0.0092776980,0.0044125300,0.0058342660,0.0057807430,0.0048334730,0.0048475850 
10000,1000,8,0.0051459380,0.0113240810,0.0164700190,0.0044530450,0.0246568980,0.0291099430,0.0112490570,0.0055193050,0.0076025360,0.0071116510,0.0058609430,0.0058749310 
10000,1000,9,0.0051495330,0.0117978440,0.0169473770,0.0044541240,0.0250037360,0.0294578600,0.0120866230,0.0056687760,0.0079837680,0.0074431790,0.0059106600,0.0059637230 
10000,1000,10,0.0051453330,0.0120270110,0.0171723440,0.0044527250,0.0251705940,0.0296233190,0.0126642390,0.0056479430,0.0079089840,0.0075730830,0.0058662800,0.0059758690 
10000,1000,20,0.0051546640,0.0137837000,0.0189383640,0.0044576630,0.0260717080,0.0305293710,0.0211258910,0.0058824690,0.0090170740,0.0087016680,0.0060993230,0.0065236080 
10000,1000,30,0.0051623760,0.0147587780,0.0199211540,0.0044615930,0.0267107430,0.0311723360,0.0304464370,0.0063278850,0.0100259420,0.0096336410,0.0065509590,0.0071812740 
10000,1000,40,0.0051690980,0.0159425950,0.0211116930,0.0044647380,0.0273566820,0.0318214200,0.0399786050,0.0073612700,0.0107800820,0.0104966090,0.0070118610,0.0078651620 
10000,1000,50,0.0051791860,0.0168200990,0.0219992850,0.0044690450,0.0279144360,0.0323834810,0.0492751480,0.0080315000,0.0116417300,0.0112993100,0.0074159300,0.0084925910 
10000,1000,60,0.0051854440,0.0175748020,0.0227602460,0.0044726010,0.0285117740,0.0329843750,0.0595194110,0.0084542180,0.0123287640,0.0121222670,0.0078446530,0.0091279320 
10000,1000,70,0.0051882910,0.0182898150,0.0234781060,0.0044725580,0.0290796790,0.0335522370,0.0687510790,0.0088973660,0.0129708970,0.0128705730,0.0081978690,0.0096835730 
10000,1000,80,0.0051936800,0.0192157510,0.0244094310,0.0044723660,0.0295388420,0.0340112080,0.0796892260,0.0096903800,0.0138540220,0.0135549200,0.0084865880,0.0101476570 
10000,1000,90,0.0051979020,0.0195915230,0.0247894250,0.0044770290,0.0299614590,0.0344384880,0.0893294840,0.0099964320,0.0144447070,0.0141757470,0.0087472120,0.0105951190 
10000,1000,100,0.0051963660,0.0206801210,0.0258764870,0.0044757310,0.0306057060,0.0350814370,0.0986877280,0.0107574790,0.0152639840,0.0150786130,0.0092501110,0.0112402110 
10000,1000,200,0.0052024050,0.0267615380,0.0319639430,0.0044808440,0.0361143820,0.0405952260,0.2087732240,0.0159277870,0.0214678290,0.0233742590,0.0140363840,0.0173265020 
10000,1000,300,0.0052023630,0.0327327440,0.0379351070,0.0044818530,0.0414917380,0.0459735910,0.3267952160,0.0207839510,0.0282672230,0.0314335040,0.0188796420,0.0232211370 
10000,1000,400,0.0052025340,0.0383931430,0.0435956770,0.0044821230,0.0467081490,0.0511902720,0.4445014300,0.0266632830,0.0354342680,0.0392441210,0.0236549860,0.0291606970 
10000,1000,500,0.0051999480,0.0451692980,0.0503692460,0.0044803150,0.0530800600,0.0575603750,0.5641271340,0.0332835740,0.0450029270,0.0482013230,0.0293335480,0.0359557730 
10000,1000,600,0.0051960980,0.0492347770,0.0544308750,0.0044819640,0.0568796580,0.0613616220,0.6752986370,0.0390595490,0.0512143600,0.0544606220,0.0330784950,0.0408522390 
10000,1000,700,0.0052162460,0.0543397820,0.0595560280,0.0044819070,0.0617028270,0.0661847340,0.7827461870,0.0445169630,0.0585045280,0.0616857650,0.0375857640,0.0464345950 
10000,1000,800,0.0052073160,0.0594300010,0.0646373170,0.0044820340,0.0665265420,0.0710085760,0.8919918280,0.0499230130,0.0656250310,0.0688036510,0.0421452770,0.0519225030 
10000,1000,900,0.0052028650,0.0645309500,0.0697338150,0.0044825810,0.0713756710,0.0758582520,1.0049413570,0.0551944970,0.0727244870,0.0759867470,0.0467564750,0.0574315570 
10000,1000,1000,0.0052017020,0.0693222330,0.0745239350,0.0044828670,0.0759634350,0.0804463020,1.1029086430,0.0612872090,0.0796726500,0.0827659600,0.0511247790,0.0626343060 
10000,10000,2,0.0148081900,0.0032362020,0.0180443920,0.0467409130,0.0292257320,0.0759666450,0.0018003030,0.0003029480,0.0004071460,0.0003948890,0.0003753110,0.0003858850 
10000,10000,3,0.0148041790,0.0041627320,0.0189669110,0.0467145040,0.0295984710,0.0763129750,0.0024867730,0.0004461960,0.0006453650,0.0006358650,0.0005535520,0.0005943740 
10000,10000,4,0.0148019660,0.0050916500,0.0198936160,0.0467210410,0.0302674740,0.0769885150,0.0032105850,0.0006894630,0.0010475020,0.0010442130,0.0008358780,0.0008637820 
10000,10000,5,0.0148009680,0.0064074420,0.0212084100,0.0467277400,0.0314289420,0.0781566820,0.0046380000,0.0015378140,0.0021146720,0.0020984090,0.0016355300,0.0016422820 
10000,10000,6,0.0148031190,0.0083219310,0.0231250500,0.0467241430,0.0330640330,0.0797881760,0.0067587370,0.0026050840,0.0035994940,0.0036527330,0.0029614020,0.0029938530 
10000,10000,7,0.0148036980,0.0108717520,0.0256754500,0.0467293780,0.0355794030,0.0823087810,0.0091852440,0.0043700630,0.0056156520,0.0057787930,0.0048440610,0.0048572630 
10000,10000,8,0.0148026870,0.0124116650,0.0272143520,0.0467241480,0.0371752260,0.0838993740,0.0110206650,0.0055033490,0.0071050120,0.0070533110,0.0058150000,0.0058240690 
10000,10000,9,0.0148025750,0.0129144030,0.0277169780,0.0467174650,0.0375887250,0.0843061900,0.0118274110,0.0056630820,0.0074431640,0.0073798730,0.0058510750,0.0058967020 
10000,10000,10,0.0148014370,0.0133560760,0.0281575130,0.0467168230,0.0379556150,0.0846724380,0.0123905360,0.0056425870,0.0075037520,0.0076592790,0.0059537370,0.0060692350 
10000,10000,20,0.0147987270,0.0147188690,0.0295175960,0.0467308240,0.0390077040,0.0857385280,0.0207023970,0.0058715890,0.0088539180,0.0089258810,0.0063386830,0.0067898640 
10000,10000,30,0.0148031430,0.0158506800,0.0306538230,0.0467203670,0.0397468890,0.0864672560,0.0300904770,0.0063248790,0.0096949200,0.0097661920,0.0066729300,0.0073462380 
10000,10000,40,0.0147993340,0.0169431830,0.0317425170,0.0467283370,0.0404584320,0.0871867690,0.0396000360,0.0075497870,0.0104515730,0.0106384170,0.0071406500,0.0080295890 
10000,10000,50,0.0148017910,0.0177416880,0.0325434790,0.0467270090,0.0411237340,0.0878507430,0.0488938090,0.0080474340,0.0111524870,0.0114147320,0.0075115860,0.0086185650 
10000,10000,60,0.0148032220,0.0184493310,0.0332525530,0.0467340500,0.0417160870,0.0884501370,0.0590643680,0.0086539720,0.0119269130,0.0121226210,0.0078338970,0.0091662540 
10000,10000,70,0.0148004570,0.0190887820,0.0338892390,0.0467233120,0.0423221880,0.0890455000,0.0689168100,0.0091099050,0.0126982730,0.0128173390,0.0081322360,0.0096422570 
10000,10000,80,0.0147970340,0.0197945170,0.0345915510,0.0467276450,0.0429823690,0.0897100140,0.0787342080,0.0096994460,0.0135830750,0.0135195770,0.0084314360,0.0101234320 
10000,10000,90,0.0147966160,0.0208536050,0.0356502210,0.0467190310,0.0437310690,0.0904501000,0.0890993000,0.0101751440,0.0143636280,0.0142335510,0.0087507840,0.0105893880 
10000,10000,100,0.0147981090,0.0216944590,0.0364925680,0.0467300940,0.0442827820,0.0910128760,0.0986806910,0.0107417940,0.0152027800,0.0151267130,0.0092103070,0.0112104640 
10000,10000,200,0.0148005050,0.0284003590,0.0432008640,0.0467219050,0.0497882160,0.0965101210,0.2127066100,0.0159311860,0.0216436010,0.0232573250,0.0138273730,0.0171897470 
10000,10000,300,0.0147995750,0.0347595110,0.0495590860,0.0467218540,0.0555945390,0.1023163930,0.3391166800,0.0214300540,0.0288461200,0.0314112380,0.0187564590,0.0230635730 
10000,10000,400,0.0147941330,0.0406957290,0.0554898620,0.0467197200,0.0610798730,0.1077995930,0.4673340710,0.0275760730,0.0364227710,0.0392564940,0.0235426430,0.0290533050 
10000,10000,500,0.0147997140,0.0473778570,0.0621775710,0.0467256230,0.0672552800,0.1139809030,0.6067002270,0.0333481360,0.0444912890,0.0478794040,0.0289789060,0.0353505230 
10000,10000,600,0.0148004720,0.0519891880,0.0667896600,0.0467218820,0.0715565680,0.1182784500,0.7353665320,0.0389123260,0.0510704680,0.0544629160,0.0329129260,0.0405448420 
10000,10000,700,0.0148041540,0.0573650810,0.0721692350,0.0467342180,0.0765054920,0.1232397100,0.8663731410,0.0443827750,0.0582265680,0.0617765130,0.0374905010,0.0459734100 
10000,10000,800,0.0148051920,0.0628758990,0.0776810910,0.0467229320,0.0816383350,0.1283612670,0.9962513880,0.0498365860,0.0654897000,0.0690842460,0.0422385530,0.0517675230 
10000,10000,900,0.0148056060,0.0678413770,0.0826469830,0.0467190620,0.0862159830,0.1329350450,1.1359710850,0.0550096070,0.0725076830,0.0759695610,0.0465236580,0.0571176700 
10000,10000,1000,0.0148078350,0.0729334630,0.0877412980,0.0467374600,0.0908875700,0.1376250300,1.2627194900,0.0604464110,0.0792843910,0.0828501690,0.0509617850,0.0619909980 
100000,100,2,0.0215620460,0.0251232990,0.0466853450,0.0365910620,0.1898555940,0.2264466560,0.0179732040,0.0030799740,0.0042754810,0.0041642880,0.0039560500,0.0039305550 
100000,100,3,0.0215576840,0.0346323250,0.0561900090,0.0365834660,0.1940639170,0.2306473830,0.0250858860,0.0048645580,0.0072046440,0.0071125060,0.0060468450,0.0064225930 
100000,100,4,0.0215589280,0.0446234050,0.0661823330,0.0365871410,0.2018568050,0.2384439460,0.0329125050,0.0080259260,0.0122197910,0.0121557990,0.0094197240,0.0096380160 
100000,100,5,0.0215687040,0.0595329600,0.0811016640,0.0365952050,0.2155663240,0.2521615290,0.0507061070,0.0184538340,0.0250612390,0.0249872370,0.0192819700,0.0199222940 
100000,100,6,0.0215619480,0.0810473010,0.1026092490,0.0365877640,0.2375520760,0.2741398400,0.0723305080,0.0316486980,0.0429314430,0.0441877680,0.0358568920,0.0370382100 
100000,100,7,0.0215535540,0.1082931730,0.1298467270,0.0365789960,0.2672754700,0.3038544660,0.0951143940,0.0500380990,0.0658634640,0.0687070170,0.0575796670,0.0583239330 
100000,100,8,0.0215757630,0.1403498860,0.1619256490,0.0366685440,0.3030250950,0.3396936390,0.1226637020,0.0722006590,0.1005202710,0.0991392240,0.0858382960,0.0853117330 
100000,100,9,0.0215769800,0.1724032140,0.1939801940,0.0366992780,0.3378127510,0.3745120290,0.1437679270,0.0917279040,0.1370028810,0.1299253990,0.1107942200,0.1093631510 
100000,100,10,0.0215833520,0.1786017030,0.2001850550,0.0367620080,0.3454504120,0.3822124200,0.1518625590,0.0952402210,0.1273961770,0.1354476030,0.1112979310,0.1088279890 
100000,100,20,0.0215686240,0.1955443740,0.2171129980,0.0367185810,0.3648396410,0.4015582220,0.2364822110,0.1001343000,0.1515696700,0.1576548550,0.1191769290,0.1221230870 
100000,100,30,0.0215724040,0.2112738630,0.2328462670,0.0367101840,0.3731866500,0.4098968340,0.3233939900,0.1069450420,0.1653852920,0.1697609690,0.1219947170,0.1282800070 
100000,100,40,0.0215769550,0.2187139950,0.2402909500,0.0366999230,0.3783479730,0.4150478960,0.4079400640,0.1310301830,0.1804584910,0.1794932760,0.1280349210,0.1358043510 
100000,100,50,0.0215725960,0.2376232120,0.2591958080,0.0366985890,0.3889385820,0.4256371710,0.4898707130,0.1400258720,0.1878382900,0.1933128220,0.1373974690,0.1472951740 
100000,100,60,0.0215763650,0.2339802360,0.2555566010,0.0366771800,0.3898926770,0.4265698570,0.5765908700,0.1427058100,0.1983851910,0.1991826010,0.1399703080,0.1509859320 
100000,100,70,0.0215726290,0.2542786250,0.2758512540,0.0366721870,0.4036013730,0.4402735600,0.6535955930,0.1521700780,0.2043939840,0.2133952840,0.1510150720,0.1646703400 
100000,100,80,0.0215690880,0.2491160570,0.2706851450,0.0366600760,0.4041273370,0.4407874130,0.7354134600,0.1540802210,0.2158519150,0.2184244340,0.1520804820,0.1673850720 
100000,100,90,0.0215720850,0.2695906010,0.2911626860,0.0366531270,0.4196323090,0.4562854360,0.8082040050,0.1631009550,0.2210440400,0.2334730890,0.1638895080,0.1820640450 
100000,100,100,0.0215739290,0.2642737300,0.2858476590,0.0366520620,0.4181080400,0.4547601020,0.8773962320,0.1675618480,0.2313069400,0.2370605530,0.1631111660,0.1842041750 
100000,100,200,0.0208472860,0.2938730100,0.3147202960,0.0353574260,0.4225915270,0.4579489530,1.4968584040,0.2280584080,0.2786749170,0.2763362500,0.1654786260,0.2029752590 
100000,100,300,0.0205278720,0.3640471220,0.3845749940,0.0347916820,0.4900228960,0.5248145780,2.0595343040,0.2451604690,0.3478008940,0.3691501840,0.2257940800,0.2700634660 
100000,100,400,0.0205220390,0.4236542800,0.4441763190,0.0347861760,0.5485021210,0.5832882970,2.6427322440,0.3041606230,0.4212626750,0.4510492690,0.2754771110,0.3315398380 
100000,100,500,0.0205214730,0.5075707450,0.5280922180,0.0348659160,0.6301381280,0.6650040440,3.3145911570,0.3628665870,0.5213668220,0.5567698510,0.3417299600,0.4106791700 
100000,100,600,0.0205212030,0.5410591890,0.5615803920,0.0347928540,0.6633399780,0.6981328320,3.9187036750,0.4346049850,0.5880062560,0.6123401980,0.3754307390,0.4569689060 
100000,100,700,0.0205085080,0.5991855570,0.6196940650,0.0347590150,0.7199482240,0.7547072390,4.5395829890,0.4946401530,0.6665641890,0.6918336650,0.4254259670,0.5164530680 
100000,100,800,0.0205173910,0.6575323700,0.6780497610,0.0347826590,0.7777015020,0.8124841610,5.2151255560,0.5555264880,0.7457520830,0.7716171770,0.4754980170,0.5767101190 
100000,100,900,0.0205055050,0.7167210620,0.7372265670,0.0347739180,0.8362712480,0.8710451660,5.9415989790,0.6157245610,0.8278483350,0.8514095560,0.5269515150,0.6405353660 
100000,100,1000,0.0205032100,0.7714689730,0.7919721830,0.0347553290,0.8896016950,0.9243570240,6.5850237350,0.6914928090,0.9049166380,0.9267977030,0.5744790490,0.6979925140 
100000,1000,2,0.0409492880,0.0254506450,0.0663999330,0.0359260500,0.1811109550,0.2170370050,0.0171326280,0.0029210230,0.0040591910,0.0039501170,0.0037584690,0.0037272020 
100000,1000,3,0.0409517150,0.0343430030,0.0752947180,0.0359201650,0.1849138060,0.2208339710,0.0239123650,0.0045830250,0.0067773180,0.0066781350,0.0056631950,0.0060499740 
100000,1000,4,0.0409661790,0.0437067770,0.0846729560,0.0359391700,0.1918047130,0.2277438830,0.0311067660,0.0070589350,0.0111328820,0.0110583940,0.0085681730,0.0088229010 
100000,1000,5,0.0409637340,0.0571494120,0.0981131460,0.0359352480,0.2033018990,0.2392371470,0.0461181030,0.0160571700,0.0221016150,0.0219309820,0.0166952820,0.0171922840 
100000,1000,6,0.0409474740,0.0752810440,0.1162285180,0.0359251600,0.2200256690,0.2559508290,0.0655244930,0.0260321150,0.0361501080,0.0370409310,0.0297554330,0.0303663800 
100000,1000,7,0.0409614670,0.0966994660,0.1376609330,0.0359339750,0.2417884620,0.2777224370,0.0843605740,0.0399317390,0.0536783100,0.0555350960,0.0460685070,0.0465846010 
100000,1000,8,0.0409661650,0.1258790620,0.1668452270,0.0357885890,0.2737991900,0.3095877790,0.1099831610,0.0614926330,0.0840260990,0.0821017870,0.0706688010,0.0701307170 
100000,1000,9,0.0410816160,0.1603902500,0.2014718660,0.0358045200,0.3088711300,0.3446756500,0.1320661290,0.0803501130,0.1197458960,0.1143018800,0.0985233970,0.0974812490 
100000,1000,10,0.0409991060,0.1665152370,0.2075143430,0.0357938810,0.3155187000,0.3513125810,0.1396130330,0.0840873500,0.1133853230,0.1201406540,0.0997190860,0.0981920990 
100000,1000,20,0.0409352450,0.1981400370,0.2390752820,0.0358058840,0.3402889670,0.3760948510,0.2210968270,0.0902805210,0.1376575290,0.1481257190,0.1136643440,0.1144332800 
100000,1000,30,0.0410892070,0.1950410370,0.2361302440,0.0358092070,0.3492279520,0.3850371590,0.3119775520,0.0976994110,0.1531861200,0.1595650800,0.1158970880,0.1171447250 
100000,1000,40,0.0410872450,0.2268082040,0.2678954490,0.0358187280,0.3548203110,0.3906390390,0.4054121720,0.1277366520,0.1673246290,0.1651099250,0.1191256080,0.1241299510 
100000,1000,50,0.0409893290,0.2244455720,0.2654349010,0.0358094850,0.3628059520,0.3986154370,0.4958886290,0.1238478130,0.1797131400,0.1798998620,0.1279397810,0.1329661590 
100000,1000,60,0.0409916250,0.2442790940,0.2852707190,0.0358713330,0.3642521560,0.4001234890,0.5947532530,0.1396689310,0.1814088230,0.1863862500,0.1275652180,0.1373299960 
100000,1000,70,0.0409633410,0.2451356790,0.2860990200,0.0358035600,0.3762281610,0.4120317210,0.6838976110,0.1397285460,0.1931377500,0.1967563650,0.1388823340,0.1464332790 
100000,1000,80,0.0409733490,0.2604224510,0.3013958000,0.0359556090,0.3783367060,0.4142923150,0.7906906490,0.1491579650,0.1983878070,0.2045584500,0.1406490960,0.1521393530 
100000,1000,90,0.0409413250,0.2766139160,0.3175552410,0.0358094020,0.3977812480,0.4335906500,0.8840403840,0.1556110390,0.2072131340,0.2220595080,0.1562612970,0.1692064300 
100000,1000,100,0.0410010200,0.2777423560,0.3187433760,0.0358137380,0.3995484770,0.4353622150,0.9756618070,0.1581474130,0.2151113360,0.2275848270,0.1579728800,0.1726352470 
100000,1000,200,0.0410139860,0.3141348430,0.3551488290,0.0358187170,0.4157678380,0.4515865550,2.0564538900,0.2233554970,0.2727158840,0.2732398870,0.1641393170,0.1982403170 
100000,1000,300,0.0409856150,0.3919562200,0.4329418350,0.0358103250,0.4875796280,0.5233899530,3.2337661200,0.2406529230,0.3440702790,0.3697759630,0.2244368320,0.2667870940 
100000,1000,400,0.0410464510,0.4559381480,0.4969845990,0.0358171430,0.5468508100,0.5826679530,4.4243702970,0.3007651390,0.4186953270,0.4540071670,0.2758653530,0.3290977150 
100000,1000,500,0.0409883090,0.5417761880,0.5827644970,0.0358022670,0.6286255820,0.6644278490,5.6576608870,0.3609186940,0.5197136490,0.5607702580,0.3434969950,0.4067695330 
100000,1000,600,0.0409284040,0.5725281520,0.6134565560,0.0357934140,0.6569478250,0.6927412390,6.8308609410,0.4292378740,0.5839006180,0.6139661950,0.3733736000,0.4510263070 
100000,1000,700,0.0410672860,0.6374607020,0.6785279880,0.0359338800,0.7184476450,0.7543815250,8.0043954700,0.4922630530,0.6661938150,0.6990403130,0.4280760640,0.5149486110 
100000,1000,800,0.0410217270,0.6939681330,0.7349898600,0.0358218960,0.7729937660,0.8088156620,9.1905331100,0.5504618890,0.7422336610,0.7768698890,0.4772697380,0.5721457990 
100000,1000,900,0.0409492230,0.7521888050,0.7931380280,0.0357989310,0.8293166940,0.8651156250,-1.0000000000,0.6492265870,0.8251380360,0.8556974480,0.5270254190,0.6383840660 
100000,1000,1000,0.0409448490,0.8075752010,0.8485200500,0.0359432680,0.8821976580,0.9181409260,-1.0000000000,0.7301352320,0.9040742580,0.9315522530,0.5742642510,0.6972199730 
100000,10000,2,0.1813516810,0.0356896080,0.2170412890,0.1034755470,0.3085742310,0.4120497780,0.0171387680,0.0029116340,0.0040299280,0.0039308920,0.0037299000,0.0037236310 
100000,10000,3,0.1813058740,0.0451376340,0.2264435080,0.1034633290,0.3122859160,0.4157492450,0.0238374460,0.0044802490,0.0066145380,0.0065351120,0.0055502010,0.0059506900 
100000,10000,4,0.1812567630,0.0542967700,0.2355535330,0.1034545560,0.3189888680,0.4224434240,0.0307390170,0.0066786510,0.0104625510,0.0103874400,0.0081775190,0.0084548190 
100000,10000,5,0.1813899200,0.0667083420,0.2480982620,0.1034867170,0.3294621540,0.4329488710,0.0441352170,0.0145175100,0.0202389440,0.0200451200,0.0153843550,0.0154729050 
100000,10000,6,0.1813227890,0.0846772970,0.2660000860,0.1034657830,0.3450706830,0.4485364660,0.0635043950,0.0238201680,0.0336404250,0.0342452970,0.0274170910,0.0277029770 
100000,10000,7,0.1812721240,0.1081917590,0.2894638830,0.1034578540,0.3680051670,0.4714630210,0.0831948840,0.0383574490,0.0522453170,0.0538385480,0.0446474320,0.0450006540 
100000,10000,8,0.1814263630,0.1389174400,0.3203438030,0.1034803760,0.4128240420,0.5163044180,0.1086600530,0.0608066870,0.0809423360,0.0798861480,0.0683318010,0.0676125620 
100000,10000,9,0.1814648230,0.1755899540,0.3570547770,0.1034521850,0.4578726190,0.5613248040,0.1300074320,0.0799258850,0.1185311120,0.1132733920,0.0975105630,0.0963770080 
100000,10000,10,0.1815327950,0.1827537840,0.3642865790,0.1033333490,0.4661594060,0.5694927550,0.1374870870,0.0838815560,0.1137202760,0.1201067320,0.0998145780,0.0984085390 
100000,10000,20,0.1814805690,0.2151539330,0.3966345020,0.1033913670,0.4883527070,0.5917440740,0.2182659630,0.0902108480,0.1367212540,0.1408364940,0.1090515790,0.1109287870 
100000,10000,30,0.1817174780,0.2189087740,0.4006262520,0.1034383250,0.4987300250,0.6021683500,0.3109928130,0.0977942450,0.1522682160,0.1560972760,0.1113301760,0.1150847970 
100000,10000,40,0.1823706240,0.2374813670,0.4198519910,0.1034563280,0.5069903650,0.6104466930,0.4047954020,0.1234488370,0.1657187250,0.1647157980,0.1176850540,0.1231121930 
100000,10000,50,0.1823559570,0.2549381820,0.4372941390,0.1034279480,0.5173334830,0.6207614310,0.4947638420,0.1315428800,0.1743040150,0.1782173320,0.1262290410,0.1341214880 
100000,10000,60,0.1823995930,0.2530835940,0.4354831870,0.1034347190,0.5216489250,0.6250836440,0.5947521920,0.1324451930,0.1853080630,0.1882179710,0.1317888010,0.1396047520 
100000,10000,70,0.1823265160,0.2860785650,0.4684050810,0.1034605490,0.5392205080,0.6426810570,0.6910479270,0.1463004700,0.1886695900,0.2042381410,0.1438652330,0.1539517800 
100000,10000,80,0.1824596760,0.2689661550,0.4514258310,0.1034398510,0.5396328970,0.6430727480,0.7872347050,0.1424047680,0.2030075350,0.2071622150,0.1448884620,0.1551652200 
100000,10000,90,0.1824140450,0.3078454180,0.4902594630,0.1034523650,0.5584028610,0.6618552260,0.8890018530,0.1572715610,0.2041432960,0.2250941630,0.1580343800,0.1715465450 
100000,10000,100,0.1824720800,0.2855503500,0.4680224300,0.1034533420,0.5560643390,0.6595176810,0.9834574720,0.1539713480,0.2199324770,0.2235613230,0.1554084350,0.1697810840 
100000,10000,200,0.1825847720,0.3404602700,0.5230450420,0.1034853380,0.5699475460,0.6734328840,2.1016479020,0.2159006510,0.2686713230,0.2734311520,0.1640483110,0.1978316100 
100000,10000,300,0.1825893430,0.4213379760,0.6039273190,0.1034873970,0.6437057550,0.7471931520,3.3638198600,0.2440844390,0.3450854110,0.3680710910,0.2224302250,0.2649514240 
100000,10000,400,0.1826478760,0.4883688070,0.6710166830,0.1034854290,0.7048069040,0.8082923330,4.6482477940,0.3008712500,0.4165051420,0.4517501570,0.2727581050,0.3242312650 
100000,10000,500,0.1827611880,0.5695617200,0.7523229080,0.1034149610,0.7781367440,0.8815517050,6.0624182480,0.3595013840,0.5120331010,0.5523126780,0.3358145160,0.4002236460 
100000,10000,600,0.1825327150,0.6139193650,0.7964520800,0.1034100420,0.8207395340,0.9241495760,7.3950135530,0.4260559250,0.5790072460,0.6141142670,0.3718515800,0.4473810730 
100000,10000,700,0.1828187750,0.6793076440,0.8621264190,0.1035478750,0.8817048000,0.9852526750,8.7948824990,0.4866343050,0.6601574680,0.6971009930,0.4249709190,0.5090959490 
100000,10000,800,0.1829001670,0.7416514860,0.9245516530,0.1034851660,0.9405803820,1.0440655480,-1.0000000000,0.5781377720,0.7408124230,0.7770653060,0.4758645600,0.5727700900 
100000,10000,900,0.1831675820,0.8029642270,0.9861318090,0.1036273050,0.9983821490,1.1020094540,-1.0000000000,0.6422585310,0.8196258490,0.8568822740,0.5256297760,0.6307917800 
100000,10000,1000,0.1834820630,0.8609276100,1.0444096730,0.1037482530,1.0524789340,1.1562271870,-1.0000000000,0.7188162320,0.9001374780,0.9324663770,0.5732434470,0.6936332660 
the time to complete the all processing: 346040.1230410000
